app/build/intermediates/manifest_merge_blame_file/debug/manifest-merger-blame-debug-report.txt
1<?xml version="1.0" encoding="utf-8"?>
2<manifest xmlns:android="http://schemas.android.com/apk/res/android"
3    package="com.example.pu"
4    android:versionCode="1"
5    android:versionName="1.0" >
6
7    <uses-sdk
8        android:minSdkVersion="16"
8-->src\main\AndroidManifest.xml
9        android:targetSdkVersion="30" />
9-->src\main\AndroidManifest.xml
10
11    <uses-permission android:name="android.permission.READ_EXTERNAL_STORAGE" />
11-->src\main\AndroidManifest.xml:5:5-79
11-->src\main\AndroidManifest.xml:5:22-77
12    <uses-permission android:name="android.permission.WRITE_EXTERNAL_STORAGE" />
12-->src\main\AndroidManifest.xml:6:5-80
12-->src\main\AndroidManifest.xml:6:22-78
13
14    <application
14-->src\main\AndroidManifest.xml:7:5-25:19
15        android:allowBackup="true"
15-->src\main\AndroidManifest.xml:8:9-35
16        android:appComponentFactory="androidx.core.app.CoreComponentFactory"
16-->[androidx.core:core:1.3.1] AndroidManifest.xml:24:18-86
17        android:debuggable="true"
18        android:icon="@mipmap/ic_launcher"
18-->src\main\AndroidManifest.xml:9:9-43
19        android:label="@string/app_name"
19-->src\main\AndroidManifest.xml:10:9-41
20        android:requestLegacyExternalStorage="true"
20-->src\main\AndroidManifest.xml:12:9-52
21        android:roundIcon="@mipmap/ic_launcher_round"
21-->src\main\AndroidManifest.xml:11:9-54
22        android:supportsRtl="true"
22-->src\main\AndroidManifest.xml:13:9-35
23        android:testOnly="true"
24        android:theme="@style/Theme.Pu" >
24-->src\main\AndroidManifest.xml:14:9-40
25        <activity
25-->src\main\AndroidManifest.xml:15:9-24:20
26            android:name="com.example.pu.MainActivity"
26-->src\main\AndroidManifest.xml:16:13-41
27            android:label="@string/app_name"
27-->src\main\AndroidManifest.xml:17:13-45
28            android:theme="@style/Theme.Pu.NoActionBar" >
28-->src\main\AndroidManifest.xml:18:13-56
29            <intent-filter>
29-->src\main\AndroidManifest.xml:19:13-23:29
30                <action android:name="android.intent.action.MAIN" />
30-->src\main\AndroidManifest.xml:20:17-69
30-->src\main\AndroidManifest.xml:20:25-66
31
32                <category android:name="android.intent.category.LAUNCHER" />
32-->src\main\AndroidManifest.xml:22:17-77
32-->src\main\AndroidManifest.xml:22:27-74
33            </intent-filter>
34        </activity>
35
36        <service
36-->[com.google.mlkit:pose-detection-common:17.0.0] AndroidManifest.xml:8:9-14:19
37            android:name="com.google.mlkit.common.internal.MlKitComponentDiscoveryService"
37-->[com.google.mlkit:pose-detection-common:17.0.0] AndroidManifest.xml:9:13-91
38            android:directBootAware="true"
38-->[com.google.mlkit:common:17.0.0] AndroidManifest.xml:17:13-43
39            android:exported="false" >
39-->[com.google.mlkit:pose-detection-common:17.0.0] AndroidManifest.xml:10:13-37
40            <meta-data
40-->[com.google.mlkit:pose-detection-common:17.0.0] AndroidManifest.xml:11:13-13:85
41                android:name="com.google.firebase.components:com.google.mlkit.vision.pose.internal.PoseRegistrar"
41-->[com.google.mlkit:pose-detection-common:17.0.0] AndroidManifest.xml:12:17-114
42                android:value="com.google.firebase.components.ComponentRegistrar" />
42-->[com.google.mlkit:pose-detection-common:17.0.0] AndroidManifest.xml:13:17-82
43            <meta-data
43-->[com.google.mlkit:vision-common:16.1.0] AndroidManifest.xml:12:13-14:85
44                android:name="com.google.firebase.components:com.google.mlkit.vision.common.internal.VisionCommonRegistrar"
44-->[com.google.mlkit:vision-common:16.1.0] AndroidManifest.xml:13:17-124
45                android:value="com.google.firebase.components.ComponentRegistrar" />
45-->[com.google.mlkit:vision-common:16.1.0] AndroidManifest.xml:14:17-82
46            <meta-data
46-->[com.google.mlkit:common:17.0.0] AndroidManifest.xml:20:13-22:85
47                android:name="com.google.firebase.components:com.google.mlkit.common.internal.CommonComponentRegistrar"
47-->[com.google.mlkit:common:17.0.0] AndroidManifest.xml:21:17-120
48                android:value="com.google.firebase.components.ComponentRegistrar" />
48-->[com.google.mlkit:common:17.0.0] AndroidManifest.xml:22:17-82
49        </service>
50
51        <provider
51-->[com.google.mlkit:common:17.0.0] AndroidManifest.xml:9:9-13:38
52            android:name="com.google.mlkit.common.internal.MlKitInitProvider"
52-->[com.google.mlkit:common:17.0.0] AndroidManifest.xml:10:13-78
53            android:authorities="com.example.pu.mlkitinitprovider"
53-->[com.google.mlkit:common:17.0.0] AndroidManifest.xml:11:13-69
54            android:exported="false"
54-->[com.google.mlkit:common:17.0.0] AndroidManifest.xml:12:13-37
55            android:initOrder="99" />
55-->[com.google.mlkit:common:17.0.0] AndroidManifest.xml:13:13-35
56
57        <activity
57-->[com.google.android.gms:play-services-base:17.0.0] AndroidManifest.xml:23:9-26:75
58            android:name="com.google.android.gms.common.api.GoogleApiActivity"
58-->[com.google.android.gms:play-services-base:17.0.0] AndroidManifest.xml:24:13-79
59            android:exported="false"
59-->[com.google.android.gms:play-services-base:17.0.0] AndroidManifest.xml:25:13-37
60            android:theme="@android:style/Theme.Translucent.NoTitleBar" />
60-->[com.google.android.gms:play-services-base:17.0.0] AndroidManifest.xml:26:13-72
61
62        <meta-data
62-->[com.google.android.gms:play-services-basement:17.0.0] AndroidManifest.xml:23:9-25:69
63            android:name="com.google.android.gms.version"
63-->[com.google.android.gms:play-services-basement:17.0.0] AndroidManifest.xml:24:13-58
64            android:value="@integer/google_play_services_version" />
64-->[com.google.android.gms:play-services-basement:17.0.0] AndroidManifest.xml:25:13-66
65    </application>
66
67</manifest>